<?xml version="1.0" encoding="UTF-8"?>
<testsuite name="Automatizacion de Alerts, Frame &amp; Windows" tests="1" skipped="0" failures="0" errors="0" timestamp="2023-01-13T19:02:20" hostname="DESKTOP-L8TNPF6" time="23.134">
  <properties/>
  <testcase name="Automatizar funcionalidades de Alerts, Frame &amp; Windows -&gt; Alerts" classname="Automatizacion de Alerts, Frame &amp; Windows" time="23.134"/>
  <system-out><![CDATA[]]></system-out>
  <system-err><![CDATA[Starting ChromeDriver 108.0.5359.71 (1e0e3868ee06e91ad636a874420e3ca3ae3756ac-refs/branch-heads/5359@{#1016}) on port 15330
Only local connections are allowed.
Please see https://chromedriver.chromium.org/security-considerations for suggestions on keeping ChromeDriver safe.
ChromeDriver was started successfully.
Jan 13, 2023 2:02:26 PM org.openqa.selenium.remote.ProtocolHandshake createSession
INFO: Detected dialect: W3C
]]></system-err>
</testsuite>
