<?xml version="1.0" encoding="UTF-8"?>
<testsuite name="com.finalSophos.runners.flujo_uno" tests="0" skipped="0" failures="0" errors="0" timestamp="1970-01-01T00:00:00" hostname="DESKTOP-L8TNPF6" time="0.0">
  <properties/>
  <system-out><![CDATA[
1 Scenarios (?[32m1 passed?[0m)
1 Steps (?[32m1 passed?[0m)
0m18.070s


]]></system-out>
  <system-err><![CDATA[log4j:WARN No appenders could be found for logger (net.thucydides.core.util.PropertiesFileLocalPreferences).
log4j:WARN Please initialize the log4j system properly.
log4j:WARN See http://logging.apache.org/log4j/1.2/faq.html#noconfig for more info.
]]></system-err>
</testsuite>
