<?xml version="1.0" encoding="UTF-8"?>
<testsuite name="Automatizacion de Widgets -&gt; Date Picker" tests="1" skipped="0" failures="0" errors="0" timestamp="2022-12-13T02:54:19" hostname="DESKTOP-L8TNPF6" time="43.076">
  <properties/>
  <testcase name="Automatizar funcionalidades de Widgets -&gt; Date Picker" classname="Automatizacion de Widgets -&gt; Date Picker" time="43.076"/>
  <system-out><![CDATA[]]></system-out>
  <system-err><![CDATA[Starting ChromeDriver 108.0.5359.71 (1e0e3868ee06e91ad636a874420e3ca3ae3756ac-refs/branch-heads/5359@{#1016}) on port 12656
Only local connections are allowed.
Please see https://chromedriver.chromium.org/security-considerations for suggestions on keeping ChromeDriver safe.
ChromeDriver was started successfully.
Dec 12, 2022 9:54:25 PM org.openqa.selenium.remote.ProtocolHandshake createSession
INFO: Detected dialect: W3C
]]></system-err>
</testsuite>
